<?xml version="1.0" encoding="utf-8"?>
<coverage line-rate="0.8636" branch-rate="1" version="1.9" timestamp="1776742120" lines-covered="57" lines-valid="66" branches-covered="16" branches-valid="16">
  <sources>
    <source>C:\Users\diogenesjunior-mtz\Documents\Site\VibecodingApi\src\Friboi.Vibecoding.Domain\</source>
  </sources>
  <packages>
    <package name="Friboi.Vibecoding.Domain" line-rate="0.8636" branch-rate="1" complexity="37">
      <classes>
        <class name="Friboi.Vibecoding.Domain.ValueObjects.EmailUsuarioVO" filename="ValueObjects\EmailUsuarioVO.cs" line-rate="0.9411" branch-rate="1" complexity="9">
          <methods>
            <method name="get_Endereco" signature="()" line-rate="1" branch-rate="1" complexity="1">
              <lines>
                <line number="8" hits="2" branch="False" />
              </lines>
            </method>
            <method name=".ctor" signature="(System.String)" line-rate="1" branch-rate="1" complexity="6">
              <lines>
                <line number="16" hits="6" branch="False" />
                <line number="17" hits="6" branch="False" />
                <line number="18" hits="6" branch="True" condition-coverage="100% (2/2)">
                  <conditions>
                    <condition number="16" type="jump" coverage="100%" />
                  </conditions>
                </line>
                <line number="19" hits="1" branch="False" />
                <line number="21" hits="5" branch="False" />
                <line number="23" hits="5" branch="True" condition-coverage="100% (2/2)">
                  <conditions>
                    <condition number="57" type="jump" coverage="100%" />
                  </conditions>
                </line>
                <line number="24" hits="1" branch="False" />
                <line number="26" hits="4" branch="True" condition-coverage="100% (2/2)">
                  <conditions>
                    <condition number="85" type="jump" coverage="100%" />
                  </conditions>
                </line>
                <line number="27" hits="1" branch="False" />
                <line number="29" hits="3" branch="False" />
                <line number="30" hits="3" branch="False" />
              </lines>
            </method>
            <method name=".ctor" signature="(Friboi.Vibecoding.Domain.ValueObjects.EmailUsuarioVO)" line-rate="0" branch-rate="1" complexity="1">
              <lines>
                <line number="6" hits="0" branch="False" />
              </lines>
            </method>
            <method name=".cctor" signature="()" line-rate="1" branch-rate="1" complexity="1">
              <lines>
                <line number="10" hits="1" branch="False" />
                <line number="11" hits="1" branch="False" />
                <line number="12" hits="1" branch="False" />
                <line number="14" hits="1" branch="False" />
              </lines>
            </method>
          </methods>
          <lines>
            <line number="8" hits="2" branch="False" />
            <line number="16" hits="6" branch="False" />
            <line number="17" hits="6" branch="False" />
            <line number="18" hits="6" branch="True" condition-coverage="100% (2/2)">
              <conditions>
                <condition number="16" type="jump" coverage="100%" />
              </conditions>
            </line>
            <line number="19" hits="1" branch="False" />
            <line number="21" hits="5" branch="False" />
            <line number="23" hits="5" branch="True" condition-coverage="100% (2/2)">
              <conditions>
                <condition number="57" type="jump" coverage="100%" />
              </conditions>
            </line>
            <line number="24" hits="1" branch="False" />
            <line number="26" hits="4" branch="True" condition-coverage="100% (2/2)">
              <conditions>
                <condition number="85" type="jump" coverage="100%" />
              </conditions>
            </line>
            <line number="27" hits="1" branch="False" />
            <line number="29" hits="3" branch="False" />
            <line number="30" hits="3" branch="False" />
            <line number="6" hits="0" branch="False" />
            <line number="10" hits="1" branch="False" />
            <line number="11" hits="1" branch="False" />
            <line number="12" hits="1" branch="False" />
            <line number="14" hits="1" branch="False" />
          </lines>
        </class>
        <class name="Friboi.Vibecoding.Domain.ValueObjects.NomeUsuarioVO" filename="ValueObjects\NomeUsuarioVO.cs" line-rate="0.9166" branch-rate="1" complexity="8">
          <methods>
            <method name="get_Valor" signature="()" line-rate="1" branch-rate="1" complexity="1">
              <lines>
                <line number="5" hits="3" branch="False" />
              </lines>
            </method>
            <method name=".ctor" signature="(System.String)" line-rate="1" branch-rate="1" complexity="6">
              <lines>
                <line number="7" hits="7" branch="False" />
                <line number="8" hits="7" branch="False" />
                <line number="9" hits="7" branch="True" condition-coverage="100% (2/2)">
                  <conditions>
                    <condition number="16" type="jump" coverage="100%" />
                  </conditions>
                </line>
                <line number="10" hits="1" branch="False" />
                <line number="12" hits="6" branch="True" condition-coverage="100% (2/2)">
                  <conditions>
                    <condition number="40" type="jump" coverage="100%" />
                  </conditions>
                </line>
                <line number="13" hits="1" branch="False" />
                <line number="15" hits="5" branch="True" condition-coverage="100% (2/2)">
                  <conditions>
                    <condition number="65" type="jump" coverage="100%" />
                  </conditions>
                </line>
                <line number="16" hits="1" branch="False" />
                <line number="18" hits="4" branch="False" />
                <line number="19" hits="4" branch="False" />
              </lines>
            </method>
            <method name=".ctor" signature="(Friboi.Vibecoding.Domain.ValueObjects.NomeUsuarioVO)" line-rate="0" branch-rate="1" complexity="1">
              <lines>
                <line number="3" hits="0" branch="False" />
              </lines>
            </method>
          </methods>
          <lines>
            <line number="5" hits="3" branch="False" />
            <line number="7" hits="7" branch="False" />
            <line number="8" hits="7" branch="False" />
            <line number="9" hits="7" branch="True" condition-coverage="100% (2/2)">
              <conditions>
                <condition number="16" type="jump" coverage="100%" />
              </conditions>
            </line>
            <line number="10" hits="1" branch="False" />
            <line number="12" hits="6" branch="True" condition-coverage="100% (2/2)">
              <conditions>
                <condition number="40" type="jump" coverage="100%" />
              </conditions>
            </line>
            <line number="13" hits="1" branch="False" />
            <line number="15" hits="5" branch="True" condition-coverage="100% (2/2)">
              <conditions>
                <condition number="65" type="jump" coverage="100%" />
              </conditions>
            </line>
            <line number="16" hits="1" branch="False" />
            <line number="18" hits="4" branch="False" />
            <line number="19" hits="4" branch="False" />
            <line number="3" hits="0" branch="False" />
          </lines>
        </class>
        <class name="Friboi.Vibecoding.Domain.ValueObjects.SenhaUsuarioVO" filename="ValueObjects\SenhaUsuarioVO.cs" line-rate="0.9411" branch-rate="1" complexity="8">
          <methods>
            <method name="get_Hash" signature="()" line-rate="1" branch-rate="1" complexity="1">
              <lines>
                <line number="8" hits="3" branch="False" />
              </lines>
            </method>
            <method name="CriarNova" signature="(System.String,Friboi.Vibecoding.Domain.Interfaces.Security.ICrypto)" line-rate="1" branch-rate="1" complexity="4">
              <lines>
                <line number="20" hits="6" branch="False" />
                <line number="21" hits="6" branch="True" condition-coverage="100% (2/2)">
                  <conditions>
                    <condition number="9" type="jump" coverage="100%" />
                  </conditions>
                </line>
                <line number="22" hits="1" branch="False" />
                <line number="24" hits="5" branch="True" condition-coverage="100% (2/2)">
                  <conditions>
                    <condition number="38" type="jump" coverage="100%" />
                  </conditions>
                </line>
                <line number="25" hits="2" branch="False" />
                <line number="27" hits="3" branch="False" />
                <line number="29" hits="3" branch="False" />
                <line number="30" hits="3" branch="False" />
              </lines>
            </method>
            <method name=".ctor" signature="(System.String)" line-rate="1" branch-rate="1" complexity="1">
              <lines>
                <line number="14" hits="3" branch="False" />
                <line number="15" hits="3" branch="False" />
                <line number="16" hits="3" branch="False" />
                <line number="17" hits="3" branch="False" />
              </lines>
            </method>
            <method name=".ctor" signature="(Friboi.Vibecoding.Domain.ValueObjects.SenhaUsuarioVO)" line-rate="0" branch-rate="1" complexity="1">
              <lines>
                <line number="6" hits="0" branch="False" />
              </lines>
            </method>
            <method name=".cctor" signature="()" line-rate="1" branch-rate="1" complexity="1">
              <lines>
                <line number="10" hits="1" branch="False" />
                <line number="11" hits="1" branch="False" />
                <line number="12" hits="1" branch="False" />
              </lines>
            </method>
          </methods>
          <lines>
            <line number="8" hits="3" branch="False" />
            <line number="20" hits="6" branch="False" />
            <line number="21" hits="6" branch="True" condition-coverage="100% (2/2)">
              <conditions>
                <condition number="9" type="jump" coverage="100%" />
              </conditions>
            </line>
            <line number="22" hits="1" branch="False" />
            <line number="24" hits="5" branch="True" condition-coverage="100% (2/2)">
              <conditions>
                <condition number="38" type="jump" coverage="100%" />
              </conditions>
            </line>
            <line number="25" hits="2" branch="False" />
            <line number="27" hits="3" branch="False" />
            <line number="29" hits="3" branch="False" />
            <line number="30" hits="3" branch="False" />
            <line number="14" hits="3" branch="False" />
            <line number="15" hits="3" branch="False" />
            <line number="16" hits="3" branch="False" />
            <line number="17" hits="3" branch="False" />
            <line number="6" hits="0" branch="False" />
            <line number="10" hits="1" branch="False" />
            <line number="11" hits="1" branch="False" />
            <line number="12" hits="1" branch="False" />
          </lines>
        </class>
        <class name="Friboi.Vibecoding.Domain.Exceptions.DomainException" filename="Exceptions\DomainException.cs" line-rate="0" branch-rate="1" complexity="1">
          <methods>
            <method name=".ctor" signature="(System.String)" line-rate="0" branch-rate="1" complexity="1">
              <lines>
                <line number="8" hits="0" branch="False" />
              </lines>
            </method>
          </methods>
          <lines>
            <line number="8" hits="0" branch="False" />
          </lines>
        </class>
        <class name="Friboi.Vibecoding.Domain.Exceptions.EmailJaExisteException" filename="Exceptions\DomainException.cs" line-rate="0" branch-rate="1" complexity="1">
          <methods>
            <method name=".ctor" signature="(System.String)" line-rate="0" branch-rate="1" complexity="1">
              <lines>
                <line number="17" hits="0" branch="False" />
              </lines>
            </method>
          </methods>
          <lines>
            <line number="17" hits="0" branch="False" />
          </lines>
        </class>
        <class name="Friboi.Vibecoding.Domain.Exceptions.UsuarioNaoEncontradoException" filename="Exceptions\DomainException.cs" line-rate="0" branch-rate="1" complexity="1">
          <methods>
            <method name=".ctor" signature="(System.String)" line-rate="0" branch-rate="1" complexity="1">
              <lines>
                <line number="26" hits="0" branch="False" />
              </lines>
            </method>
          </methods>
          <lines>
            <line number="26" hits="0" branch="False" />
          </lines>
        </class>
        <class name="Friboi.Vibecoding.Domain.Exceptions.CredenciaisInvalidasException" filename="Exceptions\DomainException.cs" line-rate="0" branch-rate="1" complexity="1">
          <methods>
            <method name=".ctor" signature="()" line-rate="0" branch-rate="1" complexity="1">
              <lines>
                <line number="35" hits="0" branch="False" />
              </lines>
            </method>
          </methods>
          <lines>
            <line number="35" hits="0" branch="False" />
          </lines>
        </class>
        <class name="Friboi.Vibecoding.Domain.Exceptions.ErroGerarTokenException" filename="Exceptions\DomainException.cs" line-rate="0" branch-rate="1" complexity="1">
          <methods>
            <method name=".ctor" signature="()" line-rate="0" branch-rate="1" complexity="1">
              <lines>
                <line number="44" hits="0" branch="False" />
              </lines>
            </method>
          </methods>
          <lines>
            <line number="44" hits="0" branch="False" />
          </lines>
        </class>
        <class name="Friboi.Vibecoding.Domain.Entities.Usuario" filename="Entities\Usuario.cs" line-rate="0.9333" branch-rate="1" complexity="7">
          <methods>
            <method name="get_Id" signature="()" line-rate="1" branch-rate="1" complexity="1">
              <lines>
                <line number="12" hits="3" branch="False" />
              </lines>
            </method>
            <method name="get_Nome" signature="()" line-rate="1" branch-rate="1" complexity="1">
              <lines>
                <line number="13" hits="5" branch="False" />
              </lines>
            </method>
            <method name="get_Email" signature="()" line-rate="1" branch-rate="1" complexity="1">
              <lines>
                <line number="14" hits="3" branch="False" />
              </lines>
            </method>
            <method name="get_Senha" signature="()" line-rate="1" branch-rate="1" complexity="1">
              <lines>
                <line number="15" hits="3" branch="False" />
              </lines>
            </method>
            <method name="AlterarNome" signature="(Friboi.Vibecoding.Domain.ValueObjects.NomeUsuarioVO)" line-rate="1" branch-rate="1" complexity="1">
              <lines>
                <line number="28" hits="1" branch="False" />
                <line number="29" hits="1" branch="False" />
                <line number="30" hits="1" branch="False" />
              </lines>
            </method>
            <method name=".ctor" signature="()" line-rate="0" branch-rate="1" complexity="1">
              <lines>
                <line number="17" hits="0" branch="False" />
              </lines>
            </method>
            <method name=".ctor" signature="(System.String,System.String,Friboi.Vibecoding.Domain.ValueObjects.SenhaUsuarioVO)" line-rate="1" branch-rate="1" complexity="1">
              <lines>
                <line number="19" hits="2" branch="False" />
                <line number="20" hits="2" branch="False" />
                <line number="21" hits="2" branch="False" />
                <line number="22" hits="2" branch="False" />
                <line number="23" hits="2" branch="False" />
                <line number="24" hits="2" branch="False" />
                <line number="25" hits="2" branch="False" />
              </lines>
            </method>
          </methods>
          <lines>
            <line number="12" hits="3" branch="False" />
            <line number="13" hits="5" branch="False" />
            <line number="14" hits="3" branch="False" />
            <line number="15" hits="3" branch="False" />
            <line number="28" hits="1" branch="False" />
            <line number="29" hits="1" branch="False" />
            <line number="30" hits="1" branch="False" />
            <line number="17" hits="0" branch="False" />
            <line number="19" hits="2" branch="False" />
            <line number="20" hits="2" branch="False" />
            <line number="21" hits="2" branch="False" />
            <line number="22" hits="2" branch="False" />
            <line number="23" hits="2" branch="False" />
            <line number="24" hits="2" branch="False" />
            <line number="25" hits="2" branch="False" />
          </lines>
        </class>
      </classes>
    </package>
  </packages>
</coverage>